<?xml version="1.0" encoding="UTF-8"?>
<!-- Generated by org.testng.reporters.JUnitReportReporter -->
<testsuite name="com.testcases.UseFulLinkTest" tests="17" time="64.289" ignored="0" failures="0" timestamp="16 May 2021 02:16:18 GMT" skipped="0" hostname="Kalyani" errors="0">
  <testcase name="checkRightCornerHeading" time="0.073" classname="com.testcases.UseFulLinkTest"/>
  <testcase name="verifySubHeading" time="0.037" classname="com.testcases.UseFulLinkTest"/>
  <testcase name="checkImage" time="0.116" classname="com.testcases.UseFulLinkTest"/>
  <testcase name="verifyClickGO" time="31.012" classname="com.testcases.UseFulLinkTest"/>
  <testcase name="verifyDataPresentInTable" time="0.332" classname="com.testcases.UseFulLinkTest"/>
  <testcase name="verifyClickGoExcel" time="31.068" classname="com.testcases.UseFulLinkTest"/>
  <testcase name="verifyFooter" time="0.046" classname="com.testcases.UseFulLinkTest"/>
  <testcase name="verifyHeading" time="0.048" classname="com.testcases.UseFulLinkTest"/>
  <testcase name="verifyUrl" time="0.000" classname="com.testcases.UseFulLinkTest"/>
  <testcase name="verifyContentForClickGo" time="0.315" classname="com.testcases.UseFulLinkTest"/>
  <testcase name="verifyTitle" time="0.013" classname="com.testcases.UseFulLinkTest"/>
  <testcase name="checkNavigation" time="0.084" classname="com.testcases.UseFulLinkTest"/>
  <testcase name="leftCornerHeading" time="0.046" classname="com.testcases.UseFulLinkTest"/>
  <testcase name="checkLeftCornerHeading" time="0.043" classname="com.testcases.UseFulLinkTest"/>
  <testcase name="verifyComplete_UsefulLinksTable" time="0.347" classname="com.testcases.UseFulLinkTest"/>
  <testcase name="verifyUserStatus" time="0.069" classname="com.testcases.UseFulLinkTest"/>
  <testcase name="checkHeadersOfTable" time="0.640" classname="com.testcases.UseFulLinkTest"/>
</testsuite> <!-- com.testcases.UseFulLinkTest -->
