<?xml version="1.0" encoding="UTF-8"?>
<!-- Generated by org.testng.reporters.JUnitReportReporter -->
<testsuite name="com.testcases.LoginTest" tests="12" time="3.458" ignored="0" failures="0" timestamp="27 May 2021 01:48:57 GMT" skipped="0" hostname="Kalyani" errors="0">
  <testcase name="verifyLoginTitleWithMultipledata" time="1.289" classname="com.testcases.LoginTest"/>
  <testcase name="checkPlaceholderList" time="0.055" classname="com.testcases.LoginTest"/>
  <testcase name="verifyInvalidLoginEntryErrorMessage" time="0.271" classname="com.testcases.LoginTest"/>
  <testcase name="checkLoginSuccessfullyDone" time="1.164" classname="com.testcases.LoginTest"/>
  <testcase name="checkRegistrationTitle" time="0.149" classname="com.testcases.LoginTest"/>
  <testcase name="verifyBlankEmailPasswordErrorMsg" time="0.237" classname="com.testcases.LoginTest"/>
  <testcase name="checkUrl" time="0.154" classname="com.testcases.LoginTest"/>
  <testcase name="checkLogo" time="0.055" classname="com.testcases.LoginTest"/>
  <testcase name="checkHeadingJavabykiran" time="0.024" classname="com.testcases.LoginTest"/>
  <testcase name="verifyCoursesHeading" time="0.028" classname="com.testcases.LoginTest"/>
  <testcase name="verifySignInHeading" time="0.025" classname="com.testcases.LoginTest"/>
  <testcase name="verifyTitle" time="0.007" classname="com.testcases.LoginTest"/>
</testsuite> <!-- com.testcases.LoginTest -->
