<?xml version="1.0" encoding="UTF-8"?>
<!-- Generated by org.testng.reporters.JUnitReportReporter -->
<testsuite name="com.testcases.UseFulLinkTest" tests="17" time="21.655" ignored="0" failures="0" timestamp="27 May 2021 01:48:57 GMT" skipped="0" hostname="Kalyani" errors="0">
  <testcase name="checkLeftCornerHeading" time="0.043" classname="com.testcases.UseFulLinkTest"/>
  <testcase name="checkImage" time="0.035" classname="com.testcases.UseFulLinkTest"/>
  <testcase name="verifyTitle" time="0.006" classname="com.testcases.UseFulLinkTest"/>
  <testcase name="verifyClickGO" time="11.556" classname="com.testcases.UseFulLinkTest"/>
  <testcase name="verifyDataPresentInTable" time="0.494" classname="com.testcases.UseFulLinkTest"/>
  <testcase name="checkRightCornerHeading" time="0.039" classname="com.testcases.UseFulLinkTest"/>
  <testcase name="verifyClickGoExcel" time="8.464" classname="com.testcases.UseFulLinkTest"/>
  <testcase name="verifyHeading" time="0.027" classname="com.testcases.UseFulLinkTest"/>
  <testcase name="checkHeadersOfTable" time="0.180" classname="com.testcases.UseFulLinkTest"/>
  <testcase name="verifySubHeading" time="0.029" classname="com.testcases.UseFulLinkTest"/>
  <testcase name="verifyComplete_UsefulLinksTable" time="0.351" classname="com.testcases.UseFulLinkTest"/>
  <testcase name="verifyUrl" time="0.006" classname="com.testcases.UseFulLinkTest"/>
  <testcase name="verifyUserStatus" time="0.030" classname="com.testcases.UseFulLinkTest"/>
  <testcase name="verifyContentForClickGo" time="0.245" classname="com.testcases.UseFulLinkTest"/>
  <testcase name="checkNavigation" time="0.087" classname="com.testcases.UseFulLinkTest"/>
  <testcase name="leftCornerHeading" time="0.034" classname="com.testcases.UseFulLinkTest"/>
  <testcase name="verifyFooter" time="0.029" classname="com.testcases.UseFulLinkTest"/>
</testsuite> <!-- com.testcases.UseFulLinkTest -->
