<?xml version="1.0" encoding="UTF-8"?>
<!-- Generated by org.testng.reporters.JUnitReportReporter -->
<testsuite name="com.testcases.LoginTest" tests="1" time="2.844" ignored="11" failures="0" timestamp="30 Jul 2021 13:04:49 GMT" skipped="0" hostname="Kalyani" errors="0">
  <testcase name="verifyLoginTitleWithMultipledata" time="2.844" classname="com.testcases.LoginTest"/>
  <testcase name="verifyBlankEmailPasswordErrorMsg" classname="com.testcases.LoginTest">
    <skipped/>
  </testcase> <!-- verifyBlankEmailPasswordErrorMsg -->
  <testcase name="checkPlaceholderList" classname="com.testcases.LoginTest">
    <skipped/>
  </testcase> <!-- checkPlaceholderList -->
  <testcase name="verifySignInHeading" classname="com.testcases.LoginTest">
    <skipped/>
  </testcase> <!-- verifySignInHeading -->
  <testcase name="verifyInvalidLoginEntryErrorMessage" classname="com.testcases.LoginTest">
    <skipped/>
  </testcase> <!-- verifyInvalidLoginEntryErrorMessage -->
  <testcase name="checkRegistrationTitle" classname="com.testcases.LoginTest">
    <skipped/>
  </testcase> <!-- checkRegistrationTitle -->
  <testcase name="verifyCoursesHeading" classname="com.testcases.LoginTest">
    <skipped/>
  </testcase> <!-- verifyCoursesHeading -->
  <testcase name="checkLogo" classname="com.testcases.LoginTest">
    <skipped/>
  </testcase> <!-- checkLogo -->
  <testcase name="checkUrl" classname="com.testcases.LoginTest">
    <skipped/>
  </testcase> <!-- checkUrl -->
  <testcase name="verifyTitle" classname="com.testcases.LoginTest">
    <skipped/>
  </testcase> <!-- verifyTitle -->
  <testcase name="checkHeadingJavabykiran" classname="com.testcases.LoginTest">
    <skipped/>
  </testcase> <!-- checkHeadingJavabykiran -->
  <testcase name="checkLoginSuccessfullyDone" classname="com.testcases.LoginTest">
    <skipped/>
  </testcase> <!-- checkLoginSuccessfullyDone -->
</testsuite> <!-- com.testcases.LoginTest -->
