<?xml version="1.0" encoding="UTF-8"?>
<!-- Generated by org.testng.reporters.JUnitReportReporter -->
<testsuite name="com.testcases.RegisterTest" tests="10" time="0.000" ignored="0" failures="0" timestamp="15 May 2021 14:01:23 GMT" skipped="9" hostname="Kalyani" errors="1">
  <testcase name="verifyAlreadyMemberText" time="0.000" classname="com.testcases.RegisterTest">
    <skipped/>
  </testcase> <!-- verifyAlreadyMemberText -->
  <testcase name="verifyAllPlaceholderText" time="0.000" classname="com.testcases.RegisterTest">
    <skipped/>
  </testcase> <!-- verifyAllPlaceholderText -->
  <testcase name="clickAlreadyRegisterLink" time="0.000" classname="com.testcases.RegisterTest">
    <skipped/>
  </testcase> <!-- clickAlreadyRegisterLink -->
  <testcase name="InvalidDataFillingErrorMsgs" time="0.000" classname="com.testcases.RegisterTest">
    <skipped/>
  </testcase> <!-- InvalidDataFillingErrorMsgs -->
  <testcase name="registerNewMember" time="0.000" classname="com.testcases.RegisterTest">
    <skipped/>
  </testcase> <!-- registerNewMember -->
  <testcase name="OpenBrowser" time="0.000" classname="com.testcases.RegisterTest">
    <error type="java.lang.NullPointerException">
      <![CDATA[java.lang.NullPointerException
	at com.testcases.RegisterTest.OpenBrowser(RegisterTest.java:22)
	at sun.reflect.NativeMethodAccessorImpl.invoke0(Native Method)
	at sun.reflect.NativeMethodAccessorImpl.invoke(NativeMethodAccessorImpl.java:62)
	at sun.reflect.DelegatingMethodAccessorImpl.invoke(DelegatingMethodAccessorImpl.java:43)
	at java.lang.reflect.Method.invoke(Method.java:498)
	at org.testng.internal.MethodInvocationHelper.invokeMethod(MethodInvocationHelper.java:104)
	at org.testng.internal.Invoker.invokeConfigurationMethod(Invoker.java:515)
	at org.testng.internal.Invoker.invokeConfigurations(Invoker.java:217)
	at org.testng.internal.Invoker.invokeConfigurations(Invoker.java:144)
	at org.testng.SuiteRunner.privateRun(SuiteRunner.java:326)
	at org.testng.SuiteRunner.run(SuiteRunner.java:289)
	at org.testng.SuiteRunnerWorker.runSuite(SuiteRunnerWorker.java:52)
	at org.testng.SuiteRunnerWorker.run(SuiteRunnerWorker.java:86)
	at org.testng.TestNG.runSuitesSequentially(TestNG.java:1293)
	at org.testng.TestNG.runSuitesLocally(TestNG.java:1218)
	at org.testng.TestNG.runSuites(TestNG.java:1133)
	at org.testng.TestNG.run(TestNG.java:1104)
	at org.testng.remote.AbstractRemoteTestNG.run(AbstractRemoteTestNG.java:132)
	at org.testng.remote.RemoteTestNG.initAndRun(RemoteTestNG.java:236)
	at org.testng.remote.RemoteTestNG.main(RemoteTestNG.java:81)
]]>
    </error>
  </testcase> <!-- OpenBrowser -->
  <testcase name="verifyTitle" time="0.000" classname="com.testcases.RegisterTest">
    <skipped/>
  </testcase> <!-- verifyTitle -->
  <testcase name="blankFillingFormErrorMsg" time="0.000" classname="com.testcases.RegisterTest">
    <skipped/>
  </testcase> <!-- blankFillingFormErrorMsg -->
  <testcase name="verifyHeading" time="0.000" classname="com.testcases.RegisterTest">
    <skipped/>
  </testcase> <!-- verifyHeading -->
  <testcase name="verifyUrl" time="0.000" classname="com.testcases.RegisterTest">
    <skipped/>
  </testcase> <!-- verifyUrl -->
</testsuite> <!-- com.testcases.RegisterTest -->
