<?xml version="1.0" encoding="UTF-8"?>
<!-- Generated by org.testng.reporters.JUnitReportReporter -->
<testsuite name="com.testcases.DashboardTest" tests="1" time="0.724" ignored="21" failures="0" timestamp="19 May 2021 02:15:43 GMT" skipped="0" hostname="Kalyani" errors="0">
  <testcase name="verifyCourseSubHeading" time="0.724" classname="com.testcases.DashboardTest"/>
  <testcase name="checkLeftCornerHeading" classname="com.testcases.DashboardTest">
    <skipped/>
  </testcase> <!-- checkLeftCornerHeading -->
  <testcase name="checkTitle" classname="com.testcases.DashboardTest">
    <skipped/>
  </testcase> <!-- checkTitle -->
  <testcase name="checkCourses" classname="com.testcases.DashboardTest">
    <skipped/>
  </testcase> <!-- checkCourses -->
  <testcase name="verifyUserStatus" classname="com.testcases.DashboardTest">
    <skipped/>
  </testcase> <!-- verifyUserStatus -->
  <testcase name="checkSeqHomeDash" classname="com.testcases.DashboardTest">
    <skipped/>
  </testcase> <!-- checkSeqHomeDash -->
  <testcase name="checkImage" classname="com.testcases.DashboardTest">
    <skipped/>
  </testcase> <!-- checkImage -->
  <testcase name="windowHandle" classname="com.testcases.DashboardTest">
    <skipped/>
  </testcase> <!-- windowHandle -->
  <testcase name="clickDownloadsAndVerifyTitle" classname="com.testcases.DashboardTest">
    <skipped/>
  </testcase> <!-- clickDownloadsAndVerifyTitle -->
  <testcase name="verifyTitleOnLogout" classname="com.testcases.DashboardTest">
    <skipped/>
  </testcase> <!-- verifyTitleOnLogout -->
  <testcase name="verifyJBK_Link" classname="com.testcases.DashboardTest">
    <skipped/>
  </testcase> <!-- verifyJBK_Link -->
  <testcase name="checkUrl" classname="com.testcases.DashboardTest">
    <skipped/>
  </testcase> <!-- checkUrl -->
  <testcase name="verifyCourseHeading" classname="com.testcases.DashboardTest">
    <skipped/>
  </testcase> <!-- verifyCourseHeading -->
  <testcase name="checkSubHeading" classname="com.testcases.DashboardTest">
    <skipped/>
  </testcase> <!-- checkSubHeading -->
  <testcase name="verifyCoursesMoreinfo" classname="com.testcases.DashboardTest">
    <skipped/>
  </testcase> <!-- verifyCoursesMoreinfo -->
  <testcase name="checkHeading" classname="com.testcases.DashboardTest">
    <skipped/>
  </testcase> <!-- checkHeading -->
  <testcase name="clickUsefulLinkAndVerifyTitle" classname="com.testcases.DashboardTest">
    <skipped/>
  </testcase> <!-- clickUsefulLinkAndVerifyTitle -->
  <testcase name="verifyNavigationMenuText" classname="com.testcases.DashboardTest">
    <skipped/>
  </testcase> <!-- verifyNavigationMenuText -->
  <testcase name="clickUsersAndVerifyTitle" classname="com.testcases.DashboardTest">
    <skipped/>
  </testcase> <!-- clickUsersAndVerifyTitle -->
  <testcase name="checkSubcourse" classname="com.testcases.DashboardTest">
    <skipped/>
  </testcase> <!-- checkSubcourse -->
  <testcase name="clickOperatorsAndVerifyTitle" classname="com.testcases.DashboardTest">
    <skipped/>
  </testcase> <!-- clickOperatorsAndVerifyTitle -->
  <testcase name="verifyFooterStatement" classname="com.testcases.DashboardTest">
    <skipped/>
  </testcase> <!-- verifyFooterStatement -->
</testsuite> <!-- com.testcases.DashboardTest -->
