<?xml version="1.0" encoding="UTF-8"?>
<!-- Generated by org.testng.reporters.JUnitReportReporter -->
<testsuite name="com.testcases.DashboardTest" tests="22" time="9.558" ignored="0" failures="0" timestamp="27 May 2021 01:48:57 GMT" skipped="0" hostname="Kalyani" errors="0">
  <testcase name="clickUsersAndVerifyTitle" time="0.505" classname="com.testcases.DashboardTest"/>
  <testcase name="verifyUserStatus" time="0.055" classname="com.testcases.DashboardTest"/>
  <testcase name="verifyTitleOnLogout" time="0.246" classname="com.testcases.DashboardTest"/>
  <testcase name="verifyNavigationMenuText" time="0.093" classname="com.testcases.DashboardTest"/>
  <testcase name="checkSeqHomeDash" time="0.032" classname="com.testcases.DashboardTest"/>
  <testcase name="verifyJBK_Link" time="5.341" classname="com.testcases.DashboardTest"/>
  <testcase name="checkUrl" time="0.008" classname="com.testcases.DashboardTest"/>
  <testcase name="windowHandle" time="1.027" classname="com.testcases.DashboardTest"/>
  <testcase name="clickDownloadsAndVerifyTitle" time="0.476" classname="com.testcases.DashboardTest"/>
  <testcase name="verifyCoursesMoreinfo" time="0.145" classname="com.testcases.DashboardTest"/>
  <testcase name="checkLeftCornerHeading" time="0.044" classname="com.testcases.DashboardTest"/>
  <testcase name="checkCourses" time="0.070" classname="com.testcases.DashboardTest"/>
  <testcase name="checkHeading" time="0.032" classname="com.testcases.DashboardTest"/>
  <testcase name="checkSubHeading" time="0.027" classname="com.testcases.DashboardTest"/>
  <testcase name="checkSubcourse" time="0.062" classname="com.testcases.DashboardTest"/>
  <testcase name="verifyFooterStatement" time="0.045" classname="com.testcases.DashboardTest"/>
  <testcase name="clickOperatorsAndVerifyTitle" time="0.495" classname="com.testcases.DashboardTest"/>
  <testcase name="verifyCourseHeading" time="0.153" classname="com.testcases.DashboardTest"/>
  <testcase name="clickUsefulLinkAndVerifyTitle" time="0.542" classname="com.testcases.DashboardTest"/>
  <testcase name="verifyCourseSubHeading" time="0.118" classname="com.testcases.DashboardTest"/>
  <testcase name="checkTitle" time="0.008" classname="com.testcases.DashboardTest"/>
  <testcase name="checkImage" time="0.034" classname="com.testcases.DashboardTest"/>
</testsuite> <!-- com.testcases.DashboardTest -->
