<?xml version="1.0" encoding="UTF-8"?>
<!-- Generated by org.testng.reporters.JUnitReportReporter -->
<testsuite name="com.testcases.LoginTest" tests="11" time="2.447" ignored="0" failures="0" timestamp="15 May 2021 06:02:41 GMT" skipped="0" hostname="Kalyani" errors="0">
  <testcase name="checkHeadingJavabykiran" time="0.048" classname="com.testcases.LoginTest"/>
  <testcase name="checkLogo" time="0.108" classname="com.testcases.LoginTest"/>
  <testcase name="verifyInvalidLoginEntryErrorMessage" time="0.299" classname="com.testcases.LoginTest"/>
  <testcase name="checkRegistrationTitle" time="0.199" classname="com.testcases.LoginTest"/>
  <testcase name="checkUrl" time="0.023" classname="com.testcases.LoginTest"/>
  <testcase name="verifyCoursesHeading" time="0.046" classname="com.testcases.LoginTest"/>
  <testcase name="checkPlaceholderList" time="0.116" classname="com.testcases.LoginTest"/>
  <testcase name="verifyTitle" time="0.000" classname="com.testcases.LoginTest"/>
  <testcase name="checkLoginSuccessfullyDone" time="1.226" classname="com.testcases.LoginTest"/>
  <testcase name="verifySignInHeading" time="0.047" classname="com.testcases.LoginTest"/>
  <testcase name="verifyBlankEmailPasswordErrorMsg" time="0.335" classname="com.testcases.LoginTest"/>
</testsuite> <!-- com.testcases.LoginTest -->
