<?xml version="1.0" encoding="UTF-8"?>
<!-- Generated by org.testng.reporters.JUnitReportReporter -->
<testsuite name="com.testcases.DashboardTest" tests="22" time="14.831" ignored="0" failures="0" timestamp="15 May 2021 14:07:04 GMT" skipped="0" hostname="Kalyani" errors="0">
  <testcase name="checkSubcourse" time="0.116" classname="com.testcases.DashboardTest"/>
  <testcase name="clickUsefulLinkAndVerifyTitle" time="0.506" classname="com.testcases.DashboardTest"/>
  <testcase name="clickUsersAndVerifyTitle" time="0.417" classname="com.testcases.DashboardTest"/>
  <testcase name="verifyJBK_Link" time="10.281" classname="com.testcases.DashboardTest"/>
  <testcase name="verifyNavigationMenuText" time="0.085" classname="com.testcases.DashboardTest"/>
  <testcase name="verifyCourseSubHeading" time="0.151" classname="com.testcases.DashboardTest"/>
  <testcase name="verifyCourseHeading" time="0.686" classname="com.testcases.DashboardTest"/>
  <testcase name="clickOperatorsAndVerifyTitle" time="0.390" classname="com.testcases.DashboardTest"/>
  <testcase name="checkTitle" time="0.000" classname="com.testcases.DashboardTest"/>
  <testcase name="verifyTitleOnLogout" time="0.216" classname="com.testcases.DashboardTest"/>
  <testcase name="checkLeftCornerHeading" time="0.047" classname="com.testcases.DashboardTest"/>
  <testcase name="checkSubHeading" time="0.031" classname="com.testcases.DashboardTest"/>
  <testcase name="checkUrl" time="0.014" classname="com.testcases.DashboardTest"/>
  <testcase name="checkSeqHomeDash" time="0.053" classname="com.testcases.DashboardTest"/>
  <testcase name="checkCourses" time="0.100" classname="com.testcases.DashboardTest"/>
  <testcase name="checkHeading" time="0.036" classname="com.testcases.DashboardTest"/>
  <testcase name="verifyCoursesMoreinfo" time="0.099" classname="com.testcases.DashboardTest"/>
  <testcase name="windowHandle" time="0.910" classname="com.testcases.DashboardTest"/>
  <testcase name="checkImage" time="0.072" classname="com.testcases.DashboardTest"/>
  <testcase name="verifyFooterStatement" time="0.047" classname="com.testcases.DashboardTest"/>
  <testcase name="clickDownloadsAndVerifyTitle" time="0.520" classname="com.testcases.DashboardTest"/>
  <testcase name="verifyUserStatus" time="0.054" classname="com.testcases.DashboardTest"/>
</testsuite> <!-- com.testcases.DashboardTest -->
