<?xml version="1.0" encoding="UTF-8"?>
<!-- Generated by org.testng.reporters.JUnitReportReporter -->
<testsuite name="com.testcases.UserTest" tests="33" time="4.008" ignored="0" failures="0" timestamp="27 May 2021 01:48:57 GMT" skipped="0" hostname="Kalyani" errors="0">
  <testcase name="verifyPersonNamesFromMaharashtra" time="0.150" classname="com.testcases.UserTest"/>
  <testcase name="verifyFooter" time="0.028" classname="com.testcases.UserTest"/>
  <testcase name="verifyMobileNoOfNineDigit" time="0.130" classname="com.testcases.UserTest"/>
  <testcase name="verifyNamesOfFemaleTeacher" time="0.091" classname="com.testcases.UserTest"/>
  <testcase name="verifySubHeading" time="0.028" classname="com.testcases.UserTest"/>
  <testcase name="checkLeftCornerMainHeading" time="0.050" classname="com.testcases.UserTest"/>
  <testcase name="verifyTeacherNameForJava" time="0.088" classname="com.testcases.UserTest"/>
  <testcase name="verifyTeacherNameForPython" time="0.090" classname="com.testcases.UserTest"/>
  <testcase name="verifyComplete_UsersTable" time="0.499" classname="com.testcases.UserTest"/>
  <testcase name="secondAlertMsgForDltBtn2And4" time="0.170" classname="com.testcases.UserTest"/>
  <testcase name="verifyUserStatus" time="0.042" classname="com.testcases.UserTest"/>
  <testcase name="alertMsgForDeleteBtn2and4AfterDismissingAlert" time="0.201" classname="com.testcases.UserTest"/>
  <testcase name="verifyMobileNoOfTenDigit" time="0.118" classname="com.testcases.UserTest"/>
  <testcase name="VerifyEmails" time="0.047" classname="com.testcases.UserTest"/>
  <testcase name="headingOfTable" time="0.204" classname="com.testcases.UserTest"/>
  <testcase name="verifyTeacherNameForSelenium" time="0.078" classname="com.testcases.UserTest"/>
  <testcase name="checkRightCornerHeading" time="0.045" classname="com.testcases.UserTest"/>
  <testcase name="checkImage" time="0.063" classname="com.testcases.UserTest"/>
  <testcase name="verifyTitle" time="0.006" classname="com.testcases.UserTest"/>
  <testcase name="verifyNamesOfMaleTeacher" time="0.133" classname="com.testcases.UserTest"/>
  <testcase name="readUserTableData" time="0.519" classname="com.testcases.UserTest"/>
  <testcase name="verifyTeacherNameForPHP" time="0.071" classname="com.testcases.UserTest"/>
  <testcase name="verifyUrl" time="0.006" classname="com.testcases.UserTest"/>
  <testcase name="checkNavigation" time="0.149" classname="com.testcases.UserTest"/>
  <testcase name="verifyAddUserTitle" time="0.309" classname="com.testcases.UserTest"/>
  <testcase name="verifyPersonNamesFromPunjab" time="0.130" classname="com.testcases.UserTest"/>
  <testcase name="checkLeftCornerHeading" time="0.023" classname="com.testcases.UserTest"/>
  <testcase name="checkToolTipMsg" time="0.085" classname="com.testcases.UserTest"/>
  <testcase name="verifyHeading" time="0.027" classname="com.testcases.UserTest"/>
  <testcase name="alertMsgForDeleteBtn1and3" time="0.234" classname="com.testcases.UserTest"/>
  <testcase name="verifyActionText" time="0.085" classname="com.testcases.UserTest"/>
  <testcase name="sortingNames" time="0.061" classname="com.testcases.UserTest"/>
  <testcase name="properIncrementationOfSrno" time="0.048" classname="com.testcases.UserTest"/>
</testsuite> <!-- com.testcases.UserTest -->
