<?xml version="1.0" encoding="UTF-8"?>
<!-- Generated by org.testng.reporters.JUnitReportReporter -->
<testsuite name="com.testcases.DownloadTest" tests="19" time="3.668" ignored="0" failures="0" timestamp="27 May 2021 01:48:57 GMT" skipped="0" hostname="Kalyani" errors="0">
  <testcase name="checkNavigation" time="0.117" classname="com.testcases.DownloadTest"/>
  <testcase name="verifyTitle" time="0.006" classname="com.testcases.DownloadTest"/>
  <testcase name="verifyNmsFor64bitBtn" time="0.321" classname="com.testcases.DownloadTest"/>
  <testcase name="verifyVendorForVersion76" time="0.237" classname="com.testcases.DownloadTest"/>
  <testcase name="checkImage" time="0.055" classname="com.testcases.DownloadTest"/>
  <testcase name="checkRightCornerHeading" time="0.043" classname="com.testcases.DownloadTest"/>
  <testcase name="verifyVendorForOfficialWebsiteColumn" time="0.423" classname="com.testcases.DownloadTest"/>
  <testcase name="verifySubHeading" time="0.026" classname="com.testcases.DownloadTest"/>
  <testcase name="leftCornerHeading" time="0.058" classname="com.testcases.DownloadTest"/>
  <testcase name="verifyHeading" time="0.028" classname="com.testcases.DownloadTest"/>
  <testcase name="checkLeftCornerHeading" time="0.043" classname="com.testcases.DownloadTest"/>
  <testcase name="headingOfTable" time="0.239" classname="com.testcases.DownloadTest"/>
  <testcase name="verifyFooter" time="0.028" classname="com.testcases.DownloadTest"/>
  <testcase name="verifyUserStatus" time="0.027" classname="com.testcases.DownloadTest"/>
  <testcase name="verifyUrl" time="0.008" classname="com.testcases.DownloadTest"/>
  <testcase name="verifyNmsForCommanColumnBlankEntry" time="0.247" classname="com.testcases.DownloadTest"/>
  <testcase name="verifyNmsFor32bitBtn" time="0.343" classname="com.testcases.DownloadTest"/>
  <testcase name="verifyComplete_DownloadsTable" time="1.048" classname="com.testcases.DownloadTest"/>
  <testcase name="verifyNmsForCommanBtnAndOtherBtn" time="0.371" classname="com.testcases.DownloadTest"/>
</testsuite> <!-- com.testcases.DownloadTest -->
