<?xml version="1.0" encoding="UTF-8"?>
<!-- Generated by org.testng.reporters.JUnitReportReporter -->
<testsuite name="com.testcases.UserTest" tests="1" time="0.157" ignored="32" failures="0" timestamp="18 May 2021 10:12:06 GMT" skipped="0" hostname="Kalyani" errors="0">
  <testcase name="checkNavigation" time="0.157" classname="com.testcases.UserTest"/>
  <testcase name="checkImage" classname="com.testcases.UserTest">
    <skipped/>
  </testcase> <!-- checkImage -->
  <testcase name="sortingNames" classname="com.testcases.UserTest">
    <skipped/>
  </testcase> <!-- sortingNames -->
  <testcase name="verifyTeacherNameForJava" classname="com.testcases.UserTest">
    <skipped/>
  </testcase> <!-- verifyTeacherNameForJava -->
  <testcase name="verifyTitle" classname="com.testcases.UserTest">
    <skipped/>
  </testcase> <!-- verifyTitle -->
  <testcase name="verifyUrl" classname="com.testcases.UserTest">
    <skipped/>
  </testcase> <!-- verifyUrl -->
  <testcase name="verifyFooter" classname="com.testcases.UserTest">
    <skipped/>
  </testcase> <!-- verifyFooter -->
  <testcase name="verifyTeacherNameForPython" classname="com.testcases.UserTest">
    <skipped/>
  </testcase> <!-- verifyTeacherNameForPython -->
  <testcase name="verifyPersonNamesFromMaharashtra" classname="com.testcases.UserTest">
    <skipped/>
  </testcase> <!-- verifyPersonNamesFromMaharashtra -->
  <testcase name="verifyNamesOfMaleTeacher" classname="com.testcases.UserTest">
    <skipped/>
  </testcase> <!-- verifyNamesOfMaleTeacher -->
  <testcase name="verifyMobileNoOfTenDigit" classname="com.testcases.UserTest">
    <skipped/>
  </testcase> <!-- verifyMobileNoOfTenDigit -->
  <testcase name="readUserTableData" classname="com.testcases.UserTest">
    <skipped/>
  </testcase> <!-- readUserTableData -->
  <testcase name="checkToolTipMsg" classname="com.testcases.UserTest">
    <skipped/>
  </testcase> <!-- checkToolTipMsg -->
  <testcase name="secondAlertMsgForDltBtn2And4" classname="com.testcases.UserTest">
    <skipped/>
  </testcase> <!-- secondAlertMsgForDltBtn2And4 -->
  <testcase name="verifyHeading" classname="com.testcases.UserTest">
    <skipped/>
  </testcase> <!-- verifyHeading -->
  <testcase name="verifyAddUserTitle" classname="com.testcases.UserTest">
    <skipped/>
  </testcase> <!-- verifyAddUserTitle -->
  <testcase name="alertMsgForDeleteBtn1and3" classname="com.testcases.UserTest">
    <skipped/>
  </testcase> <!-- alertMsgForDeleteBtn1and3 -->
  <testcase name="verifyTeacherNameForPHP" classname="com.testcases.UserTest">
    <skipped/>
  </testcase> <!-- verifyTeacherNameForPHP -->
  <testcase name="verifyMobileNoOfNineDigit" classname="com.testcases.UserTest">
    <skipped/>
  </testcase> <!-- verifyMobileNoOfNineDigit -->
  <testcase name="verifyComplete_UsersTable" classname="com.testcases.UserTest">
    <skipped/>
  </testcase> <!-- verifyComplete_UsersTable -->
  <testcase name="verifyPersonNamesFromPunjab" classname="com.testcases.UserTest">
    <skipped/>
  </testcase> <!-- verifyPersonNamesFromPunjab -->
  <testcase name="verifyActionText" classname="com.testcases.UserTest">
    <skipped/>
  </testcase> <!-- verifyActionText -->
  <testcase name="verifyTeacherNameForSelenium" classname="com.testcases.UserTest">
    <skipped/>
  </testcase> <!-- verifyTeacherNameForSelenium -->
  <testcase name="VerifyEmails" classname="com.testcases.UserTest">
    <skipped/>
  </testcase> <!-- VerifyEmails -->
  <testcase name="verifySubHeading" classname="com.testcases.UserTest">
    <skipped/>
  </testcase> <!-- verifySubHeading -->
  <testcase name="checkRightCornerHeading" classname="com.testcases.UserTest">
    <skipped/>
  </testcase> <!-- checkRightCornerHeading -->
  <testcase name="properIncrementationOfSrno" classname="com.testcases.UserTest">
    <skipped/>
  </testcase> <!-- properIncrementationOfSrno -->
  <testcase name="alertMsgForDeleteBtn2and4AfterDismissingAlert" classname="com.testcases.UserTest">
    <skipped/>
  </testcase> <!-- alertMsgForDeleteBtn2and4AfterDismissingAlert -->
  <testcase name="verifyUserStatus" classname="com.testcases.UserTest">
    <skipped/>
  </testcase> <!-- verifyUserStatus -->
  <testcase name="checkLeftCornerMainHeading" classname="com.testcases.UserTest">
    <skipped/>
  </testcase> <!-- checkLeftCornerMainHeading -->
  <testcase name="checkLeftCornerHeading" classname="com.testcases.UserTest">
    <skipped/>
  </testcase> <!-- checkLeftCornerHeading -->
  <testcase name="verifyNamesOfFemaleTeacher" classname="com.testcases.UserTest">
    <skipped/>
  </testcase> <!-- verifyNamesOfFemaleTeacher -->
  <testcase name="headingOfTable" classname="com.testcases.UserTest">
    <skipped/>
  </testcase> <!-- headingOfTable -->
</testsuite> <!-- com.testcases.UserTest -->
