<?xml version="1.0" encoding="UTF-8"?>
<!-- Generated by org.testng.reporters.JUnitReportReporter -->
<testsuite name="com.testcases.OperatorTest" tests="25" time="4.327" ignored="0" failures="0" timestamp="16 May 2021 06:25:41 GMT" skipped="0" hostname="Kalyani" errors="0">
  <testcase name="verifycontactNoLength" time="0.240" classname="com.testcases.OperatorTest"/>
  <testcase name="checkImage" time="0.100" classname="com.testcases.OperatorTest"/>
  <testcase name="check_all_teacher_names_on_monday" time="0.211" classname="com.testcases.OperatorTest"/>
  <testcase name="verifyComplete_OperatorsTable" time="0.363" classname="com.testcases.OperatorTest"/>
  <testcase name="verifyFooter" time="0.032" classname="com.testcases.OperatorTest"/>
  <testcase name="verifyHeading" time="0.040" classname="com.testcases.OperatorTest"/>
  <testcase name="facultyHavingWhatsAppAndPhonecall" time="0.169" classname="com.testcases.OperatorTest"/>
  <testcase name="verifyTitle" time="0.008" classname="com.testcases.OperatorTest"/>
  <testcase name="verifyUserStatus" time="0.053" classname="com.testcases.OperatorTest"/>
  <testcase name="operatorTableData" time="0.633" classname="com.testcases.OperatorTest"/>
  <testcase name="teacherNmForUrgentTechnicalHelp" time="0.111" classname="com.testcases.OperatorTest"/>
  <testcase name="verifySubHeading" time="0.014" classname="com.testcases.OperatorTest"/>
  <testcase name="check_all_teacher_names_not_present_on_sunday" time="0.175" classname="com.testcases.OperatorTest"/>
  <testcase name="facultyAvailableOnPhoneCall" time="0.168" classname="com.testcases.OperatorTest"/>
  <testcase name="checkRightCornerHeading" time="0.069" classname="com.testcases.OperatorTest"/>
  <testcase name="checkLeftCornerHeading" time="0.047" classname="com.testcases.OperatorTest"/>
  <testcase name="headingOfTable" time="0.732" classname="com.testcases.OperatorTest"/>
  <testcase name="check_all_teacher_names_on_sunday" time="0.153" classname="com.testcases.OperatorTest"/>
  <testcase name="verifyTeacherNameHavingMobnoStart88" time="0.201" classname="com.testcases.OperatorTest"/>
  <testcase name="facultyAvailableOnWhatsApp" time="0.265" classname="com.testcases.OperatorTest"/>
  <testcase name="check_all_teacher_names_on_monday_and_saturday" time="0.162" classname="com.testcases.OperatorTest"/>
  <testcase name="verifyUrl" time="0.017" classname="com.testcases.OperatorTest"/>
  <testcase name="SortedNames" time="0.089" classname="com.testcases.OperatorTest"/>
  <testcase name="verifyPrefferedWayToConnect_WhatsApp_ButNot_PhoneCall" time="0.159" classname="com.testcases.OperatorTest"/>
  <testcase name="checkNavigation" time="0.116" classname="com.testcases.OperatorTest"/>
</testsuite> <!-- com.testcases.OperatorTest -->
