<?xml version="1.0" encoding="UTF-8"?>
<!-- Generated by org.testng.reporters.JUnitReportReporter -->
<testsuite name="com.testcases.AddUserTest" tests="4" time="2.210" ignored="0" failures="0" timestamp="15 May 2021 13:55:06 GMT" skipped="0" hostname="Kalyani" errors="0">
  <testcase name="verifyStateList" time="0.284" classname="com.testcases.AddUserTest"/>
  <testcase name="checkLabels" time="0.231" classname="com.testcases.AddUserTest"/>
  <testcase name="verifyStateListThroughExcel" time="0.788" classname="com.testcases.AddUserTest"/>
  <testcase name="addUser" time="0.907" classname="com.testcases.AddUserTest"/>
</testsuite> <!-- com.testcases.AddUserTest -->
