<?xml version="1.0" encoding="UTF-8"?>
<!-- Generated by org.testng.reporters.JUnitReportReporter -->
<testsuite name="com.testcases.AddUserTest" tests="1" time="1.352" ignored="3" failures="0" timestamp="18 May 2021 09:49:15 GMT" skipped="0" hostname="Kalyani" errors="0">
  <testcase name="verifyStateListThroughExcel" time="1.352" classname="com.testcases.AddUserTest"/>
  <testcase name="addUser" classname="com.testcases.AddUserTest">
    <skipped/>
  </testcase> <!-- addUser -->
  <testcase name="verifyStateList" classname="com.testcases.AddUserTest">
    <skipped/>
  </testcase> <!-- verifyStateList -->
  <testcase name="checkLabels" classname="com.testcases.AddUserTest">
    <skipped/>
  </testcase> <!-- checkLabels -->
</testsuite> <!-- com.testcases.AddUserTest -->
