<?xml version="1.0" encoding="UTF-8"?>
<!-- Generated by org.testng.reporters.JUnitReportReporter -->
<testsuite name="com.testcases.RegisterTest" tests="9" time="1.823" ignored="0" failures="0" timestamp="27 May 2021 01:48:57 GMT" skipped="0" hostname="Kalyani" errors="0">
  <testcase name="verifyTitle" time="0.007" classname="com.testcases.RegisterTest"/>
  <testcase name="registerNewMember" time="0.451" classname="com.testcases.RegisterTest"/>
  <testcase name="verifyAlreadyMemberText" time="0.048" classname="com.testcases.RegisterTest"/>
  <testcase name="clickAlreadyRegisterLink" time="0.154" classname="com.testcases.RegisterTest"/>
  <testcase name="verifyHeading" time="0.025" classname="com.testcases.RegisterTest"/>
  <testcase name="verifyUrl" time="0.007" classname="com.testcases.RegisterTest"/>
  <testcase name="blankFillingFormErrorMsg" time="0.501" classname="com.testcases.RegisterTest"/>
  <testcase name="InvalidDataFillingErrorMsgs" time="0.518" classname="com.testcases.RegisterTest"/>
  <testcase name="verifyAllPlaceholderText" time="0.112" classname="com.testcases.RegisterTest"/>
</testsuite> <!-- com.testcases.RegisterTest -->
