<?xml version="1.0" encoding="UTF-8"?>
<!-- Generated by org.testng.reporters.JUnitReportReporter -->
<testsuite name="com.testcases.OperatorTest" tests="1" time="0.826" ignored="25" failures="0" timestamp="30 Jul 2021 13:43:44 GMT" skipped="0" hostname="Kalyani" errors="0">
  <testcase name="verifyUsernameForWhatsAppOnlyUsingHashMap" time="0.826" classname="com.testcases.OperatorTest"/>
  <testcase name="verifySubHeading" classname="com.testcases.OperatorTest">
    <skipped/>
  </testcase> <!-- verifySubHeading -->
  <testcase name="checkRightCornerHeading" classname="com.testcases.OperatorTest">
    <skipped/>
  </testcase> <!-- checkRightCornerHeading -->
  <testcase name="operatorTableData" classname="com.testcases.OperatorTest">
    <skipped/>
  </testcase> <!-- operatorTableData -->
  <testcase name="verifyTitle" classname="com.testcases.OperatorTest">
    <skipped/>
  </testcase> <!-- verifyTitle -->
  <testcase name="check_all_teacher_names_on_monday" classname="com.testcases.OperatorTest">
    <skipped/>
  </testcase> <!-- check_all_teacher_names_on_monday -->
  <testcase name="headingOfTable" classname="com.testcases.OperatorTest">
    <skipped/>
  </testcase> <!-- headingOfTable -->
  <testcase name="verifyComplete_OperatorsTable" classname="com.testcases.OperatorTest">
    <skipped/>
  </testcase> <!-- verifyComplete_OperatorsTable -->
  <testcase name="verifyUserStatus" classname="com.testcases.OperatorTest">
    <skipped/>
  </testcase> <!-- verifyUserStatus -->
  <testcase name="checkLeftCornerHeading" classname="com.testcases.OperatorTest">
    <skipped/>
  </testcase> <!-- checkLeftCornerHeading -->
  <testcase name="check_all_teacher_names_on_sunday" classname="com.testcases.OperatorTest">
    <skipped/>
  </testcase> <!-- check_all_teacher_names_on_sunday -->
  <testcase name="teacherNmForUrgentTechnicalHelp" classname="com.testcases.OperatorTest">
    <skipped/>
  </testcase> <!-- teacherNmForUrgentTechnicalHelp -->
  <testcase name="facultyHavingWhatsAppAndPhonecall" classname="com.testcases.OperatorTest">
    <skipped/>
  </testcase> <!-- facultyHavingWhatsAppAndPhonecall -->
  <testcase name="checkNavigation" classname="com.testcases.OperatorTest">
    <skipped/>
  </testcase> <!-- checkNavigation -->
  <testcase name="verifyFooter" classname="com.testcases.OperatorTest">
    <skipped/>
  </testcase> <!-- verifyFooter -->
  <testcase name="verifyPrefferedWayToConnect_WhatsApp_ButNot_PhoneCall" classname="com.testcases.OperatorTest">
    <skipped/>
  </testcase> <!-- verifyPrefferedWayToConnect_WhatsApp_ButNot_PhoneCall -->
  <testcase name="check_all_teacher_names_on_monday_and_saturday" classname="com.testcases.OperatorTest">
    <skipped/>
  </testcase> <!-- check_all_teacher_names_on_monday_and_saturday -->
  <testcase name="verifyHeading" classname="com.testcases.OperatorTest">
    <skipped/>
  </testcase> <!-- verifyHeading -->
  <testcase name="check_all_teacher_names_not_present_on_sunday" classname="com.testcases.OperatorTest">
    <skipped/>
  </testcase> <!-- check_all_teacher_names_not_present_on_sunday -->
  <testcase name="checkImage" classname="com.testcases.OperatorTest">
    <skipped/>
  </testcase> <!-- checkImage -->
  <testcase name="facultyAvailableOnWhatsApp" classname="com.testcases.OperatorTest">
    <skipped/>
  </testcase> <!-- facultyAvailableOnWhatsApp -->
  <testcase name="verifyTeacherNameHavingMobnoStart88" classname="com.testcases.OperatorTest">
    <skipped/>
  </testcase> <!-- verifyTeacherNameHavingMobnoStart88 -->
  <testcase name="verifyUrl" classname="com.testcases.OperatorTest">
    <skipped/>
  </testcase> <!-- verifyUrl -->
  <testcase name="verifycontactNoLength" classname="com.testcases.OperatorTest">
    <skipped/>
  </testcase> <!-- verifycontactNoLength -->
  <testcase name="facultyAvailableOnPhoneCall" classname="com.testcases.OperatorTest">
    <skipped/>
  </testcase> <!-- facultyAvailableOnPhoneCall -->
  <testcase name="SortedNames" classname="com.testcases.OperatorTest">
    <skipped/>
  </testcase> <!-- SortedNames -->
</testsuite> <!-- com.testcases.OperatorTest -->
