<?xml version="1.0" encoding="UTF-8"?>
<!-- Generated by org.testng.reporters.JUnitReportReporter -->
<testsuite name="com.testcases.UseFulLinkTest" tests="1" time="11.927" ignored="16" failures="0" timestamp="19 May 2021 02:01:02 GMT" skipped="0" hostname="Kalyani" errors="0">
  <testcase name="verifyClickGoExcel" time="11.927" classname="com.testcases.UseFulLinkTest"/>
  <testcase name="checkNavigation" classname="com.testcases.UseFulLinkTest">
    <skipped/>
  </testcase> <!-- checkNavigation -->
  <testcase name="leftCornerHeading" classname="com.testcases.UseFulLinkTest">
    <skipped/>
  </testcase> <!-- leftCornerHeading -->
  <testcase name="verifyTitle" classname="com.testcases.UseFulLinkTest">
    <skipped/>
  </testcase> <!-- verifyTitle -->
  <testcase name="checkHeadersOfTable" classname="com.testcases.UseFulLinkTest">
    <skipped/>
  </testcase> <!-- checkHeadersOfTable -->
  <testcase name="verifyUrl" classname="com.testcases.UseFulLinkTest">
    <skipped/>
  </testcase> <!-- verifyUrl -->
  <testcase name="verifyComplete_UsefulLinksTable" classname="com.testcases.UseFulLinkTest">
    <skipped/>
  </testcase> <!-- verifyComplete_UsefulLinksTable -->
  <testcase name="verifyClickGO" classname="com.testcases.UseFulLinkTest">
    <skipped/>
  </testcase> <!-- verifyClickGO -->
  <testcase name="checkLeftCornerHeading" classname="com.testcases.UseFulLinkTest">
    <skipped/>
  </testcase> <!-- checkLeftCornerHeading -->
  <testcase name="verifyUserStatus" classname="com.testcases.UseFulLinkTest">
    <skipped/>
  </testcase> <!-- verifyUserStatus -->
  <testcase name="verifyDataPresentInTable" classname="com.testcases.UseFulLinkTest">
    <skipped/>
  </testcase> <!-- verifyDataPresentInTable -->
  <testcase name="verifyHeading" classname="com.testcases.UseFulLinkTest">
    <skipped/>
  </testcase> <!-- verifyHeading -->
  <testcase name="checkImage" classname="com.testcases.UseFulLinkTest">
    <skipped/>
  </testcase> <!-- checkImage -->
  <testcase name="verifySubHeading" classname="com.testcases.UseFulLinkTest">
    <skipped/>
  </testcase> <!-- verifySubHeading -->
  <testcase name="verifyContentForClickGo" classname="com.testcases.UseFulLinkTest">
    <skipped/>
  </testcase> <!-- verifyContentForClickGo -->
  <testcase name="verifyFooter" classname="com.testcases.UseFulLinkTest">
    <skipped/>
  </testcase> <!-- verifyFooter -->
  <testcase name="checkRightCornerHeading" classname="com.testcases.UseFulLinkTest">
    <skipped/>
  </testcase> <!-- checkRightCornerHeading -->
</testsuite> <!-- com.testcases.UseFulLinkTest -->
