<?xml version="1.0" encoding="UTF-8"?>
<!-- Generated by org.testng.reporters.JUnitReportReporter -->
<testsuite name="com.testcases.A" tests="1" time="3.352" ignored="0" failures="0" timestamp="04 May 2021 05:10:58 GMT" skipped="0" hostname="Kalyani" errors="0">
  <testcase name="test01" time="3.352" classname="com.testcases.A"/>
</testsuite> <!-- com.testcases.A -->
