<?xml version="1.0" encoding="UTF-8"?>
<!-- Generated by org.testng.reporters.JUnitReportReporter -->
<testsuite name="com.testcases.RegisterTest" tests="9" time="2.628" ignored="0" failures="0" timestamp="18 May 2021 09:16:33 GMT" skipped="0" hostname="Kalyani" errors="0">
  <testcase name="verifyHeading" time="0.056" classname="com.testcases.RegisterTest"/>
  <testcase name="verifyAlreadyMemberText" time="0.066" classname="com.testcases.RegisterTest"/>
  <testcase name="blankFillingFormErrorMsg" time="0.746" classname="com.testcases.RegisterTest"/>
  <testcase name="verifyAllPlaceholderText" time="0.132" classname="com.testcases.RegisterTest"/>
  <testcase name="registerNewMember" time="0.639" classname="com.testcases.RegisterTest"/>
  <testcase name="verifyTitle" time="0.017" classname="com.testcases.RegisterTest"/>
  <testcase name="clickAlreadyRegisterLink" time="0.234" classname="com.testcases.RegisterTest"/>
  <testcase name="verifyUrl" time="0.023" classname="com.testcases.RegisterTest"/>
  <testcase name="InvalidDataFillingErrorMsgs" time="0.715" classname="com.testcases.RegisterTest"/>
</testsuite> <!-- com.testcases.RegisterTest -->
