<?xml version="1.0" encoding="UTF-8"?>
<!-- Generated by org.testng.reporters.JUnitReportReporter -->
<testsuite name="com.testcases.LoginTest" tests="11" time="2.897" ignored="0" failures="0" timestamp="18 May 2021 09:12:31 GMT" skipped="0" hostname="Kalyani" errors="0">
  <testcase name="checkPlaceholderList" time="0.085" classname="com.testcases.LoginTest"/>
  <testcase name="checkHeadingJavabykiran" time="0.048" classname="com.testcases.LoginTest"/>
  <testcase name="verifySignInHeading" time="0.047" classname="com.testcases.LoginTest"/>
  <testcase name="verifyCoursesHeading" time="0.068" classname="com.testcases.LoginTest"/>
  <testcase name="verifyInvalidLoginEntryErrorMessage" time="0.392" classname="com.testcases.LoginTest"/>
  <testcase name="verifyTitle" time="0.006" classname="com.testcases.LoginTest"/>
  <testcase name="checkUrl" time="0.021" classname="com.testcases.LoginTest"/>
  <testcase name="verifyBlankEmailPasswordErrorMsg" time="0.465" classname="com.testcases.LoginTest"/>
  <testcase name="checkRegistrationTitle" time="0.275" classname="com.testcases.LoginTest"/>
  <testcase name="checkLoginSuccessfullyDone" time="1.396" classname="com.testcases.LoginTest"/>
  <testcase name="checkLogo" time="0.094" classname="com.testcases.LoginTest"/>
</testsuite> <!-- com.testcases.LoginTest -->
