<?xml version="1.0" encoding="UTF-8"?>
<!-- Generated by org.testng.reporters.JUnitReportReporter -->
<testsuite name="com.testcases.AddUserTest" tests="4" time="2.482" ignored="0" failures="0" timestamp="27 May 2021 01:43:13 GMT" skipped="0" hostname="Kalyani" errors="0">
  <testcase name="verifyStateList" time="0.299" classname="com.testcases.AddUserTest"/>
  <testcase name="verifyStateListThroughExcel" time="0.857" classname="com.testcases.AddUserTest"/>
  <testcase name="checkLabels" time="0.235" classname="com.testcases.AddUserTest"/>
  <testcase name="addUser" time="1.091" classname="com.testcases.AddUserTest"/>
</testsuite> <!-- com.testcases.AddUserTest -->
