<?xml version="1.0" encoding="UTF-8"?>
<!-- Generated by org.testng.reporters.JUnitReportReporter -->
<testsuite name="com.testcases.DownloadTest" tests="1" time="0.170" ignored="18" failures="0" timestamp="18 May 2021 10:07:48 GMT" skipped="0" hostname="Kalyani" errors="0">
  <testcase name="checkNavigation" time="0.170" classname="com.testcases.DownloadTest"/>
  <testcase name="verifyVendorForOfficialWebsiteColumn" classname="com.testcases.DownloadTest">
    <skipped/>
  </testcase> <!-- verifyVendorForOfficialWebsiteColumn -->
  <testcase name="verifyComplete_DownloadsTable" classname="com.testcases.DownloadTest">
    <skipped/>
  </testcase> <!-- verifyComplete_DownloadsTable -->
  <testcase name="checkImage" classname="com.testcases.DownloadTest">
    <skipped/>
  </testcase> <!-- checkImage -->
  <testcase name="verifyUrl" classname="com.testcases.DownloadTest">
    <skipped/>
  </testcase> <!-- verifyUrl -->
  <testcase name="verifySubHeading" classname="com.testcases.DownloadTest">
    <skipped/>
  </testcase> <!-- verifySubHeading -->
  <testcase name="leftCornerHeading" classname="com.testcases.DownloadTest">
    <skipped/>
  </testcase> <!-- leftCornerHeading -->
  <testcase name="verifyTitle" classname="com.testcases.DownloadTest">
    <skipped/>
  </testcase> <!-- verifyTitle -->
  <testcase name="verifyNmsForCommanBtnAndOtherBtn" classname="com.testcases.DownloadTest">
    <skipped/>
  </testcase> <!-- verifyNmsForCommanBtnAndOtherBtn -->
  <testcase name="verifyVendorForVersion76" classname="com.testcases.DownloadTest">
    <skipped/>
  </testcase> <!-- verifyVendorForVersion76 -->
  <testcase name="headingOfTable" classname="com.testcases.DownloadTest">
    <skipped/>
  </testcase> <!-- headingOfTable -->
  <testcase name="verifyHeading" classname="com.testcases.DownloadTest">
    <skipped/>
  </testcase> <!-- verifyHeading -->
  <testcase name="verifyNmsFor64bitBtn" classname="com.testcases.DownloadTest">
    <skipped/>
  </testcase> <!-- verifyNmsFor64bitBtn -->
  <testcase name="checkLeftCornerHeading" classname="com.testcases.DownloadTest">
    <skipped/>
  </testcase> <!-- checkLeftCornerHeading -->
  <testcase name="verifyNmsForCommanColumnBlankEntry" classname="com.testcases.DownloadTest">
    <skipped/>
  </testcase> <!-- verifyNmsForCommanColumnBlankEntry -->
  <testcase name="verifyUserStatus" classname="com.testcases.DownloadTest">
    <skipped/>
  </testcase> <!-- verifyUserStatus -->
  <testcase name="verifyNmsFor32bitBtn" classname="com.testcases.DownloadTest">
    <skipped/>
  </testcase> <!-- verifyNmsFor32bitBtn -->
  <testcase name="verifyFooter" classname="com.testcases.DownloadTest">
    <skipped/>
  </testcase> <!-- verifyFooter -->
  <testcase name="checkRightCornerHeading" classname="com.testcases.DownloadTest">
    <skipped/>
  </testcase> <!-- checkRightCornerHeading -->
</testsuite> <!-- com.testcases.DownloadTest -->
