<?xml version="1.0" encoding="UTF-8"?>
<!-- Generated by org.testng.reporters.JUnitReportReporter -->
<testsuite name="com.testcases.OperatorTest" tests="25" time="4.153" ignored="0" failures="0" timestamp="27 May 2021 01:48:57 GMT" skipped="0" hostname="Kalyani" errors="0">
  <testcase name="verifyTitle" time="0.005" classname="com.testcases.OperatorTest"/>
  <testcase name="check_all_teacher_names_on_sunday" time="0.169" classname="com.testcases.OperatorTest"/>
  <testcase name="checkLeftCornerHeading" time="0.043" classname="com.testcases.OperatorTest"/>
  <testcase name="verifyHeading" time="0.025" classname="com.testcases.OperatorTest"/>
  <testcase name="facultyHavingWhatsAppAndPhonecall" time="0.146" classname="com.testcases.OperatorTest"/>
  <testcase name="verifyComplete_OperatorsTable" time="0.488" classname="com.testcases.OperatorTest"/>
  <testcase name="facultyAvailableOnPhoneCall" time="0.150" classname="com.testcases.OperatorTest"/>
  <testcase name="verifyFooter" time="0.027" classname="com.testcases.OperatorTest"/>
  <testcase name="check_all_teacher_names_on_monday_and_saturday" time="0.109" classname="com.testcases.OperatorTest"/>
  <testcase name="verifyPrefferedWayToConnect_WhatsApp_ButNot_PhoneCall" time="0.165" classname="com.testcases.OperatorTest"/>
  <testcase name="verifyTeacherNameHavingMobnoStart88" time="0.172" classname="com.testcases.OperatorTest"/>
  <testcase name="verifyUserStatus" time="0.037" classname="com.testcases.OperatorTest"/>
  <testcase name="headingOfTable" time="0.699" classname="com.testcases.OperatorTest"/>
  <testcase name="teacherNmForUrgentTechnicalHelp" time="0.096" classname="com.testcases.OperatorTest"/>
  <testcase name="check_all_teacher_names_on_monday" time="0.216" classname="com.testcases.OperatorTest"/>
  <testcase name="verifySubHeading" time="0.025" classname="com.testcases.OperatorTest"/>
  <testcase name="checkImage" time="0.030" classname="com.testcases.OperatorTest"/>
  <testcase name="verifycontactNoLength" time="0.189" classname="com.testcases.OperatorTest"/>
  <testcase name="facultyAvailableOnWhatsApp" time="0.225" classname="com.testcases.OperatorTest"/>
  <testcase name="check_all_teacher_names_not_present_on_sunday" time="0.132" classname="com.testcases.OperatorTest"/>
  <testcase name="checkNavigation" time="0.127" classname="com.testcases.OperatorTest"/>
  <testcase name="operatorTableData" time="0.746" classname="com.testcases.OperatorTest"/>
  <testcase name="checkRightCornerHeading" time="0.045" classname="com.testcases.OperatorTest"/>
  <testcase name="verifyUrl" time="0.007" classname="com.testcases.OperatorTest"/>
  <testcase name="SortedNames" time="0.080" classname="com.testcases.OperatorTest"/>
</testsuite> <!-- com.testcases.OperatorTest -->
